[2018-07-15 01:13:50] Текст ошибки: 1 | Файл: C:\LocalServer\OSPanel\domains\framework.loc\vendor\core\ErrorHandler.php | Строка: 25
======================================================
[2018-07-15 01:15:49] Текст ошибки: 1 | Файл: C:\LocalServer\OSPanel\domains\framework.loc\vendor\core\ErrorHandler.php | Строка: 19
======================================================
[2018-07-15 01:18:24] Текст ошибки: 1 | Файл: C:\LocalServer\OSPanel\domains\framework.loc\vendor\core\ErrorHandler.php | Строка: 19
======================================================
[2018-07-15 01:18:56] Текст ошибки: 1 | Файл: C:\LocalServer\OSPanel\domains\framework.loc\vendor\core\ErrorHandler.php | Строка: 19
======================================================
[2018-07-15 01:20:20] Текст ошибки: 1 | Файл: C:\LocalServer\OSPanel\domains\framework.loc\vendor\core\ErrorHandler.php | Строка: 19
======================================================
[2018-07-15 01:20:51] Текст ошибки: 1 | Файл: C:\LocalServer\OSPanel\domains\framework.loc\vendor\core\ErrorHandler.php | Строка: 19
======================================================
[2018-07-15 01:21:14] Текст ошибки: 1 | Файл: C:\LocalServer\OSPanel\domains\framework.loc\vendor\core\ErrorHandler.php | Строка: 19
======================================================
[2018-07-15 01:23:00] Текст ошибки: Контроллер <b>app\controllers\AraavsController</b> не найден | Файл: C:\LocalServer\OSPanel\domains\framework.loc\vendor\core\Router.php | Строка: 104
======================================================
[2018-07-15 01:24:41] Текст ошибки: Контроллер <b>app\controllers\AraavsController</b> не найден | Файл: C:\LocalServer\OSPanel\domains\framework.loc\vendor\core\Router.php | Строка: 104
======================================================
[2018-07-15 01:25:40] Текст ошибки: Контроллер <b>app\controllers\AraavsController</b> не найден | Файл: C:\LocalServer\OSPanel\domains\framework.loc\vendor\core\Router.php | Строка: 104
======================================================
[2018-07-15 01:25:49] Текст ошибки: Контроллер <b>app\controllers\AraavsController</b> не найден | Файл: C:\LocalServer\OSPanel\domains\framework.loc\vendor\core\Router.php | Строка: 104
======================================================
[2018-07-15 01:26:40] Текст ошибки: Undefined variable: test | Файл: C:\LocalServer\OSPanel\domains\framework.loc\app\controllers\MainController.php | Строка: C:\LocalServer\OSPanel\domains\framework.loc\app\controllers\MainController.php
======================================================
[2018-07-15 01:57:17] Текст ошибки: E_USER_ERROR | Файл: C:\LocalServer\OSPanel\domains\framework.loc\app\controllers\MainController.php | Строка: C:\LocalServer\OSPanel\domains\framework.loc\app\controllers\MainController.php
======================================================
[2018-07-15 03:23:47] Текст ошибки: 1 | Файл: C:\LocalServer\OSPanel\domains\framework.loc\vendor\core\ErrorHandler.php | Строка: 19
======================================================
[2018-07-15 03:25:42] Текст ошибки: oops | Файл: C:\LocalServer\OSPanel\domains\framework.loc\app\controllers\MainController.php | Строка: 16
======================================================
[2018-07-15 03:25:58] Текст ошибки: 1 | Файл: C:\LocalServer\OSPanel\domains\framework.loc\vendor\core\ErrorHandler.php | Строка: 19
======================================================
[2018-07-15 03:26:54] Текст ошибки: 1 | Файл: C:\LocalServer\OSPanel\domains\framework.loc\vendor\core\ErrorHandler.php | Строка: 19
======================================================
[2018-07-15 03:26:59] Текст ошибки: 1 | Файл: C:\LocalServer\OSPanel\domains\framework.loc\vendor\core\ErrorHandler.php | Строка: 19
======================================================
[2018-07-15 03:28:00] Текст ошибки: 1 | Файл: C:\LocalServer\OSPanel\domains\framework.loc\vendor\core\ErrorHandler.php | Строка: 19
======================================================
[2018-07-15 03:29:27] Текст ошибки: 1 | Файл: C:\LocalServer\OSPanel\domains\framework.loc\vendor\core\ErrorHandler.php | Строка: 19
======================================================
[2018-07-15 03:29:36] Текст ошибки: 1 | Файл: C:\LocalServer\OSPanel\domains\framework.loc\vendor\core\ErrorHandler.php | Строка: 19
======================================================
[2018-07-15 03:29:59] Текст ошибки: Call to undefined function vendor\widgets\menu\Menu() | Файл: C:\LocalServer\OSPanel\domains\framework.loc\app\views\Main\index.php | Строка: 8
======================================================
[2018-07-15 03:31:02] Текст ошибки: 1 | Файл: C:\LocalServer\OSPanel\domains\framework.loc\vendor\core\ErrorHandler.php | Строка: 19
======================================================
[2018-07-15 03:31:12] Текст ошибки: Call to undefined function vendor\widgets\menu\Menu() | Файл: C:\LocalServer\OSPanel\domains\framework.loc\app\views\Main\index.php | Строка: 8
======================================================
[2018-07-15 03:31:21] Текст ошибки: Call to undefined function vendor\widgets\menu\Menu() | Файл: C:\LocalServer\OSPanel\domains\framework.loc\app\views\Main\index.php | Строка: 8
======================================================
[2018-07-15 18:22:56] Текст ошибки: Страница не найдена ;( | Файл: C:\LocalServer\OSPanel\domains\framework.loc\vendor\core\Router.php | Строка: 108
======================================================
[2018-07-15 18:43:36] Текст ошибки: Missing argument 1 for vendor\widgets\menu\Menu::getOptions(), called in C:\LocalServer\OSPanel\domains\framework.loc\vendor\widgets\menu\Menu.php on line 18 and defined | Файл: C:\LocalServer\OSPanel\domains\framework.loc\vendor\widgets\menu\Menu.php | Строка: C:\LocalServer\OSPanel\domains\framework.loc\vendor\widgets\menu\Menu.php
======================================================
[2018-07-15 18:44:08] Текст ошибки: Missing argument 1 for vendor\widgets\menu\Menu::getOptions(), called in C:\LocalServer\OSPanel\domains\framework.loc\vendor\widgets\menu\Menu.php on line 18 and defined | Файл: C:\LocalServer\OSPanel\domains\framework.loc\vendor\widgets\menu\Menu.php | Строка: C:\LocalServer\OSPanel\domains\framework.loc\vendor\widgets\menu\Menu.php
======================================================
[2018-07-15 20:40:43] Текст ошибки: Контроллер <b>app\controllers\AdminController</b> не найден | Файл: C:\LocalServer\OSPanel\domains\framework.loc\vendor\core\Router.php | Строка: 104
======================================================
[2018-07-15 20:42:02] Текст ошибки: Контроллер <b>app\controllers\AdminController</b> не найден | Файл: C:\LocalServer\OSPanel\domains\framework.loc\vendor\core\Router.php | Строка: 104
======================================================
[2018-07-15 21:42:01] Текст ошибки: Контроллер <b>app\controllers\UserController</b> не найден | Файл: C:\LocalServer\OSPanel\domains\framework.loc\vendor\core\Router.php | Строка: 104
======================================================
[2018-07-15 21:46:37] Текст ошибки: Контроллер <b>app\controllers\UserController</b> не найден | Файл: C:\LocalServer\OSPanel\domains\framework.loc\vendor\core\Router.php | Строка: 106
======================================================
[2018-07-15 21:48:43] Текст ошибки: Контроллер <b>app\controllers\UserController</b> не найден | Файл: C:\LocalServer\OSPanel\domains\framework.loc\vendor\core\Router.php | Строка: 111
======================================================
[2018-07-15 21:48:58] Текст ошибки: Контроллер <b>app\controllers\SaeController</b> не найден | Файл: C:\LocalServer\OSPanel\domains\framework.loc\vendor\core\Router.php | Строка: 111
======================================================
[2018-07-15 21:52:16] Текст ошибки: Контроллер <b>app\controllers\admin/SaeController</b> не найден | Файл: C:\LocalServer\OSPanel\domains\framework.loc\vendor\core\Router.php | Строка: 110
======================================================
[2018-07-15 21:57:59] Текст ошибки: Контроллер <b>app\controllers\admin/UserController</b> не найден | Файл: C:\LocalServer\OSPanel\domains\framework.loc\vendor\core\Router.php | Строка: 110
======================================================
[2018-07-15 22:01:28] Текст ошибки: Метод <b>app\controllers\PageController::aboutAction</b> не найден | Файл: C:\LocalServer\OSPanel\domains\framework.loc\vendor\core\Router.php | Строка: 105
======================================================
[2018-07-15 22:01:35] Текст ошибки: Метод <b>app\controllers\PageController::indexAction</b> не найден | Файл: C:\LocalServer\OSPanel\domains\framework.loc\vendor\core\Router.php | Строка: 105
======================================================
[2018-07-15 22:16:17] Текст ошибки: <p>Не найден вид <b>C:\LocalServer\OSPanel\domains\framework.loc/app/views/admin\User/index.php</b></p> | Файл: C:\LocalServer\OSPanel\domains\framework.loc\vendor\core\base\View.php | Строка: 48
======================================================
[2018-07-15 22:29:29] Текст ошибки: <p>Не найден вид <b>C:\LocalServer\OSPanel\domains\framework.loc/app/views/admin\Test/index.php</b></p> | Файл: C:\LocalServer\OSPanel\domains\framework.loc\vendor\core\base\View.php | Строка: 48
======================================================
[2018-07-15 22:39:16] Текст ошибки: Undefined variable: test | Файл: C:\LocalServer\OSPanel\domains\framework.loc\app\views\admin\User\index.php | Строка: C:\LocalServer\OSPanel\domains\framework.loc\app\views\admin\User\index.php
======================================================
[2018-07-15 23:32:58] Текст ошибки: 1 | Файл: C:\LocalServer\OSPanel\domains\framework.loc\app\controllers\AppController.php | Строка: 10
======================================================
[2018-07-15 23:41:02] Текст ошибки: Class 'vendor\core\Db' not found | Файл: C:\LocalServer\OSPanel\domains\framework.loc\vendor\fw\core\base\Model.php | Строка: 14
======================================================
[2018-07-15 23:41:50] Текст ошибки: Class 'vendor\widgets\menu\Menu' not found | Файл: C:\LocalServer\OSPanel\domains\framework.loc\app\views\Main\index.php | Строка: 8
======================================================
[2018-07-15 23:42:34] Текст ошибки: Class 'vendor\core\base\View' not found | Файл: C:\LocalServer\OSPanel\domains\framework.loc\app\views\layouts\default.php | Строка: 7
======================================================
[2018-07-16 17:10:23] Текст ошибки: <p>Не найден вид <b>C:\LocalServer\OSPanel\domains\framework.loc/app/views/User/logout.php</b></p> | Файл: C:\LocalServer\OSPanel\domains\framework.loc\vendor\fw\core\base\View.php | Строка: 48
======================================================
[2018-07-16 21:05:42] Текст ошибки: Missing argument 1 for fw\core\base\Model::validate(), called in C:\LocalServer\OSPanel\domains\framework.loc\app\controllers\UserController.php on line 15 and defined | Файл: C:\LocalServer\OSPanel\domains\framework.loc\vendor\fw\core\base\Model.php | Строка: C:\LocalServer\OSPanel\domains\framework.loc\vendor\fw\core\base\Model.php
======================================================
[2018-07-16 21:06:19] Текст ошибки: Cannot use object of type app\models\User as array | Файл: C:\LocalServer\OSPanel\domains\framework.loc\vendor\vlucas\valitron\src\Valitron\Validator.php | Строка: 945
======================================================
[2018-07-16 21:14:25] Текст ошибки: Метод <b>app\controllers\UserController::indexAction</b> не найден | Файл: C:\LocalServer\OSPanel\domains\framework.loc\vendor\fw\core\Router.php | Строка: 105
======================================================
[2018-07-16 21:28:52] Текст ошибки: Undefined variable: _SESSION | Файл: C:\LocalServer\OSPanel\domains\framework.loc\app\controllers\UserController.php | Строка: C:\LocalServer\OSPanel\domains\framework.loc\app\controllers\UserController.php
======================================================
[2018-07-16 21:50:11] Текст ошибки: SQLSTATE[42S02]: Base table or view not found: 1146 Table 'fw.user' doesn't exist | Файл: C:\LocalServer\OSPanel\domains\framework.loc\vendor\fw\libs\rb.php | Строка: 768
======================================================
[2018-07-16 21:53:36] Текст ошибки: SQLSTATE[42S02]: Base table or view not found: 1146 Table 'fw.user' doesn't exist | Файл: C:\LocalServer\OSPanel\domains\framework.loc\vendor\fw\libs\rb.php | Строка: 768
======================================================
[2018-07-16 21:56:06] Текст ошибки: SQLSTATE[42S02]: Base table or view not found: 1146 Table 'fw.user' doesn't exist | Файл: C:\LocalServer\OSPanel\domains\framework.loc\vendor\fw\libs\rb.php | Строка: 768
======================================================
[2018-07-16 22:02:25] Текст ошибки: SQLSTATE[23000]: Integrity constraint violation: 1062 Duplicate entry 'Admin' for key 'login' | Файл: C:\LocalServer\OSPanel\domains\framework.loc\vendor\fw\libs\rb.php | Строка: 768
======================================================
[2018-07-16 22:26:33] Текст ошибки: SQLSTATE[42S02]: Base table or view not found: 1146 Table 'fw.user' doesn't exist | Файл: C:\LocalServer\OSPanel\domains\framework.loc\vendor\fw\libs\rb.php | Строка: 768
======================================================
[2018-07-16 22:26:56] Текст ошибки: Undefined index: email  | Файл: C:\LocalServer\OSPanel\domains\framework.loc\app\models\User.php | Строка: C:\LocalServer\OSPanel\domains\framework.loc\app\models\User.php
======================================================
[2018-07-16 23:09:41] Текст ошибки: Undefined index: pass | Файл: C:\LocalServer\OSPanel\domains\framework.loc\app\models\User.php | Строка: C:\LocalServer\OSPanel\domains\framework.loc\app\models\User.php
======================================================
[2018-07-16 23:10:07] Текст ошибки: Undefined index: sdfdsf | Файл: C:\LocalServer\OSPanel\domains\framework.loc\app\models\User.php | Строка: C:\LocalServer\OSPanel\domains\framework.loc\app\models\User.php
======================================================
[2018-07-16 23:11:36] Текст ошибки: Undefined index: Admin | Файл: C:\LocalServer\OSPanel\domains\framework.loc\app\models\User.php | Строка: C:\LocalServer\OSPanel\domains\framework.loc\app\models\User.php
======================================================
[2018-07-16 23:12:09] Текст ошибки: Undefined index: Admin | Файл: C:\LocalServer\OSPanel\domains\framework.loc\app\models\User.php | Строка: C:\LocalServer\OSPanel\domains\framework.loc\app\models\User.php
======================================================
[2018-07-16 23:16:55] Текст ошибки: <p>Не найден вид <b>C:\LocalServer\OSPanel\domains\framework.loc/app/views/User/logout.php</b></p> | Файл: C:\LocalServer\OSPanel\domains\framework.loc\vendor\fw\core\base\View.php | Строка: 49
======================================================
[2018-07-16 23:17:50] Текст ошибки: <p>Не найден вид <b>C:\LocalServer\OSPanel\domains\framework.loc/app/views/User/logout.php</b></p> | Файл: C:\LocalServer\OSPanel\domains\framework.loc\vendor\fw\core\base\View.php | Строка: 49
======================================================
[2018-07-16 23:19:05] Текст ошибки: <p>Не найден вид <b>C:\LocalServer\OSPanel\domains\framework.loc/app/views/User/.php</b></p> | Файл: C:\LocalServer\OSPanel\domains\framework.loc\vendor\fw\core\base\View.php | Строка: 49
======================================================
[2018-07-16 23:19:10] Текст ошибки: <p>Не найден вид <b>C:\LocalServer\OSPanel\domains\framework.loc/app/views/User/logout.php</b></p> | Файл: C:\LocalServer\OSPanel\domains\framework.loc\vendor\fw\core\base\View.php | Строка: 49
======================================================
[2018-07-16 23:20:41] Текст ошибки: <p>Не найден вид <b>C:\LocalServer\OSPanel\domains\framework.loc/app/views/User/.php</b></p> | Файл: C:\LocalServer\OSPanel\domains\framework.loc\vendor\fw\core\base\View.php | Строка: 49
======================================================
[2018-07-16 23:20:42] Текст ошибки: <p>Не найден вид <b>C:\LocalServer\OSPanel\domains\framework.loc/app/views/User/.php</b></p> | Файл: C:\LocalServer\OSPanel\domains\framework.loc\vendor\fw\core\base\View.php | Строка: 49
======================================================
[2018-07-16 23:20:42] Текст ошибки: <p>Не найден вид <b>C:\LocalServer\OSPanel\domains\framework.loc/app/views/User/.php</b></p> | Файл: C:\LocalServer\OSPanel\domains\framework.loc\vendor\fw\core\base\View.php | Строка: 49
======================================================
[2018-07-16 23:20:42] Текст ошибки: <p>Не найден вид <b>C:\LocalServer\OSPanel\domains\framework.loc/app/views/User/.php</b></p> | Файл: C:\LocalServer\OSPanel\domains\framework.loc\vendor\fw\core\base\View.php | Строка: 49
======================================================
[2018-07-16 23:20:42] Текст ошибки: <p>Не найден вид <b>C:\LocalServer\OSPanel\domains\framework.loc/app/views/User/.php</b></p> | Файл: C:\LocalServer\OSPanel\domains\framework.loc\vendor\fw\core\base\View.php | Строка: 49
======================================================
[2018-07-16 23:20:49] Текст ошибки: <p>Не найден вид <b>C:\LocalServer\OSPanel\domains\framework.loc/app/views/User/.php</b></p> | Файл: C:\LocalServer\OSPanel\domains\framework.loc\vendor\fw\core\base\View.php | Строка: 49
======================================================
[2018-07-16 23:24:31] Текст ошибки: <p>Не найден вид <b>C:\LocalServer\OSPanel\domains\framework.loc/app/views/User/logout.php</b></p> | Файл: C:\LocalServer\OSPanel\domains\framework.loc\vendor\fw\core\base\View.php | Строка: 49
======================================================
[2018-07-16 23:24:54] Текст ошибки: <p>Не найден вид <b>C:\LocalServer\OSPanel\domains\framework.loc/app/views/User/logout.php</b></p> | Файл: C:\LocalServer\OSPanel\domains\framework.loc\vendor\fw\core\base\View.php | Строка: 49
======================================================
[2018-07-16 23:28:08] Текст ошибки: <p>Не найден вид <b>C:\LocalServer\OSPanel\domains\framework.loc/app/views/User/logout.php</b></p> | Файл: C:\LocalServer\OSPanel\domains\framework.loc\vendor\fw\core\base\View.php | Строка: 52
======================================================
[2018-07-16 23:28:10] Текст ошибки: <p>Не найден вид <b>C:\LocalServer\OSPanel\domains\framework.loc/app/views/User/logout.php</b></p> | Файл: C:\LocalServer\OSPanel\domains\framework.loc\vendor\fw\core\base\View.php | Строка: 52
======================================================
[2018-07-16 23:35:52] Текст ошибки: <p>Не найден вид <b>C:\LocalServer\OSPanel\domains\framework.loc/app/views/User/logout.php</b></p> | Файл: C:\LocalServer\OSPanel\domains\framework.loc\vendor\fw\core\base\View.php | Строка: 49
======================================================
[2018-07-16 23:35:53] Текст ошибки: <p>Не найден вид <b>C:\LocalServer\OSPanel\domains\framework.loc/app/views/User/logout.php</b></p> | Файл: C:\LocalServer\OSPanel\domains\framework.loc\vendor\fw\core\base\View.php | Строка: 49
======================================================
[2018-07-16 23:35:53] Текст ошибки: <p>Не найден вид <b>C:\LocalServer\OSPanel\domains\framework.loc/app/views/User/logout.php</b></p> | Файл: C:\LocalServer\OSPanel\domains\framework.loc\vendor\fw\core\base\View.php | Строка: 49
======================================================
[2018-07-16 23:36:05] Текст ошибки: <p>Не найден вид <b>C:\LocalServer\OSPanel\domains\framework.loc/app/views/User/.php</b></p> | Файл: C:\LocalServer\OSPanel\domains\framework.loc\vendor\fw\core\base\View.php | Строка: 49
======================================================
[2018-07-16 23:38:00] Текст ошибки: <p>Не найден вид <b>C:\LocalServer\OSPanel\domains\framework.loc/app/views/User/logout.php</b></p> | Файл: C:\LocalServer\OSPanel\domains\framework.loc\vendor\fw\core\base\View.php | Строка: 49
======================================================
[2018-07-16 23:38:01] Текст ошибки: <p>Не найден вид <b>C:\LocalServer\OSPanel\domains\framework.loc/app/views/User/logout.php</b></p> | Файл: C:\LocalServer\OSPanel\domains\framework.loc\vendor\fw\core\base\View.php | Строка: 49
======================================================
[2018-07-16 23:38:01] Текст ошибки: <p>Не найден вид <b>C:\LocalServer\OSPanel\domains\framework.loc/app/views/User/logout.php</b></p> | Файл: C:\LocalServer\OSPanel\domains\framework.loc\vendor\fw\core\base\View.php | Строка: 49
======================================================
[2018-07-16 23:38:01] Текст ошибки: <p>Не найден вид <b>C:\LocalServer\OSPanel\domains\framework.loc/app/views/User/logout.php</b></p> | Файл: C:\LocalServer\OSPanel\domains\framework.loc\vendor\fw\core\base\View.php | Строка: 49
======================================================
[2018-07-16 23:38:13] Текст ошибки: <p>Не найден вид <b>C:\LocalServer\OSPanel\domains\framework.loc/app/views/User/logout.php</b></p> | Файл: C:\LocalServer\OSPanel\domains\framework.loc\vendor\fw\core\base\View.php | Строка: 49
======================================================
[2018-07-16 23:43:09] Текст ошибки: <p>Не найден вид <b>C:\LocalServer\OSPanel\domains\framework.loc/app/views/User/.php</b></p> | Файл: C:\LocalServer\OSPanel\domains\framework.loc\vendor\fw\core\base\View.php | Строка: 49
======================================================
[2018-07-16 23:43:09] Текст ошибки: <p>Не найден вид <b>C:\LocalServer\OSPanel\domains\framework.loc/app/views/User/.php</b></p> | Файл: C:\LocalServer\OSPanel\domains\framework.loc\vendor\fw\core\base\View.php | Строка: 49
======================================================
[2018-07-16 23:53:37] Текст ошибки: Метод <b>app\controllers\UserController::indexAction</b> не найден | Файл: C:\LocalServer\OSPanel\domains\framework.loc\vendor\fw\core\Router.php | Строка: 105
======================================================
[2018-07-17 00:40:49] Текст ошибки: Use of undefined constant compress - assumed 'compress' | Файл: C:\LocalServer\OSPanel\domains\framework.loc\vendor\fw\core\base\View.php | Строка: C:\LocalServer\OSPanel\domains\framework.loc\vendor\fw\core\base\View.php
======================================================
[2018-07-17 02:45:17] Текст ошибки: Страница не найдена ;( | Файл: C:\LocalServer\OSPanel\domains\framework.loc\vendor\fw\core\Router.php | Строка: 114
======================================================
[2018-07-17 03:35:45] Текст ошибки: Use of undefined constant page - assumed 'page' | Файл: C:\LocalServer\OSPanel\domains\framework.loc\vendor\fw\libs\Pagination.php | Строка: C:\LocalServer\OSPanel\domains\framework.loc\vendor\fw\libs\Pagination.php
======================================================
[2018-07-17 03:42:55] Текст ошибки: preg_match(): Delimiter must not be alphanumeric or backslash | Файл: C:\LocalServer\OSPanel\domains\framework.loc\vendor\fw\libs\Pagination.php | Строка: C:\LocalServer\OSPanel\domains\framework.loc\vendor\fw\libs\Pagination.php
======================================================
[2018-07-17 03:47:26] Текст ошибки: preg_match(): Delimiter must not be alphanumeric or backslash | Файл: C:\LocalServer\OSPanel\domains\framework.loc\vendor\fw\libs\Pagination.php | Строка: C:\LocalServer\OSPanel\domains\framework.loc\vendor\fw\libs\Pagination.php
======================================================
[2018-07-17 03:55:02] Текст ошибки: preg_match(): Delimiter must not be alphanumeric or backslash | Файл: C:\LocalServer\OSPanel\domains\framework.loc\vendor\fw\libs\Pagination.php | Строка: C:\LocalServer\OSPanel\domains\framework.loc\vendor\fw\libs\Pagination.php
======================================================
